#
# A fatal error has been detected by the Java Runtime Environment:
#
#  SIGSEGV (0xb) at pc=0x000000010d432d10, pid=22614, tid=18947
#
# JRE version: Java(TM) SE Runtime Environment (8.0_45-b14) (build 1.8.0_45-b14)
# Java VM: Java HotSpot(TM) 64-Bit Server VM (25.45-b02 mixed mode bsd-amd64 compressed oops)
# Problematic frame:
# V  [libjvm.dylib+0x432d10]  Method::checked_resolve_jmethod_id(_jmethodID*)+0xe
#
# Failed to write core dump. Core dumps have been disabled. To enable core dumping, try "ulimit -c unlimited" before starting Java again
#
# If you would like to submit a bug report, please visit:
#   http://bugreport.java.com/bugreport/crash.jsp
#

---------------  T H R E A D  ---------------

Current thread (0x00007fda02069000):  JavaThread "JDWP Transport Listener: dt_socket" daemon [_thread_in_vm, id=18947, stack(0x0000700000ec4000,0x0000700000fc4000)]

siginfo: si_signo: 11 (SIGSEGV), si_code: 0 (unknown), si_addr: 0x0000000000000000

Registers:
RAX=0x0000000000000001, RBX=0x0000700000fc3a8b, RCX=0x000000010d7fa190, RDX=0x0000700000fc3a8b
RSP=0x0000700000fc39d0, RBP=0x0000700000fc39e0, RSI=0x00007fda02069000, RDI=0x0002000000000000
R8 =0x0000000000000000, R9 =0x00007fda0285c860, R10=0x000000000e21d691, R11=0x00007fda02800000
R12=0x00007fda02069000, R13=0x0002000000000000, R14=0x0002000000000000, R15=0x00007fda00501d40
RIP=0x000000010d432d10, EFLAGS=0x0000000000010206, ERR=0x0000000000000000
  TRAPNO=0x000000000000000d

Top of Stack: (sp=0x0000700000fc39d0)
0x0000700000fc39d0:   0000700000fc3a8b 0000700000fc3a8b
0x0000700000fc39e0:   0000700000fc3a40 000000010d3430d6
0x0000700000fc39f0:   00007fda02069000 0000000000000000
0x0000700000fc3a00:   0000000000000000 0000000000000000
0x0000700000fc3a10:   00007fda02069000 00007fda02069000
0x0000700000fc3a20:   0000700000fc3a8b 0000700000fc3a90
0x0000700000fc3a30:   0002000000000000 0000000000000003
0x0000700000fc3a40:   0000700000fc3a60 000000010bf3a780
0x0000700000fc3a50:   0000000000000001 0000700000fc3b08
0x0000700000fc3a60:   0000700000fc3ad0 000000010bf1f1f3
0x0000700000fc3a70:   0000700000fc3aa0 00007fda028211e0
0x0000700000fc3a80:   0000000400000032 0000000900fc3b08
0x0000700000fc3a90:   0000000000000000 0000000000000000
0x0000700000fc3aa0:   0000000000000000 0000700000fc3c90
0x0000700000fc3ab0:   000000010bf41e7a 00007fda0281b7f0
0x0000700000fc3ac0:   0000700000fc3b08 000000010bf4d598
0x0000700000fc3ad0:   0000700000fc3ae0 000000010bf1f2ec
0x0000700000fc3ae0:   0000700000fc3d00 000000010bf28898
0x0000700000fc3af0:   0000770f00000013 00000000000f0200
0x0000700000fc3b00:   00007fda0285bbc0 0000700000fc3c5e
0x0000700000fc3b10:   00007fda00000026 0000700000fc3b20
0x0000700000fc3b20:   0000000000000106 0000700000fc3b58
0x0000700000fc3b30:   0000000000000000 0000000000000000
0x0000700000fc3b40:   0000770f0000001c 00007fff00002c80
0x0000700000fc3b50:   0000700000fc3b58 da7f000004000000
0x0000700000fc3b60:   08000000c8154500 30246164626d616c
0x0000700000fc3b70:   6f634c283c000000 70616873616d2f6d
0x0000700000fc3b80:   736572696e752f65 482f707474682f74
0x0000700000fc3b90:   6f70736552707474 76616a4c3b65736e
0x0000700000fc3ba0:   532f676e616c2f61 56293b676e697274
0x0000700000fc3bb0:   0a1000f000000000 f06f5500da7f0000
0x0000700000fc3bc0:   537465670b000000 0073656369767265 

Instructions: (pc=0x000000010d432d10)
0x000000010d432cf0:   40 48 48 85 c0 75 e0 30 c0 0f b6 c0 5d c3 31 c0
0x000000010d432d00:   5d c3 55 48 89 e5 53 48 83 ec 08 48 85 ff 74 24
0x000000010d432d10:   48 8b 1f 48 85 db 74 1c 48 83 fb 37 74 16 48 8b
0x000000010d432d20:   03 48 89 df ff 50 10 84 c0 b8 00 00 00 00 48 0f 

Register to memory mapping:

RAX=0x0000000000000001 is an unknown value
RBX=0x0000700000fc3a8b is pointing into the stack for thread: 0x00007fda02069000
RCX=0x000000010d7fa190: UseMembar+0 in /Library/Java/JavaVirtualMachines/jdk1.8.0_45.jdk/Contents/Home/jre/lib/server/libjvm.dylib at 0x000000010d000000
RDX=0x0000700000fc3a8b is pointing into the stack for thread: 0x00007fda02069000
RSP=0x0000700000fc39d0 is pointing into the stack for thread: 0x00007fda02069000
RBP=0x0000700000fc39e0 is pointing into the stack for thread: 0x00007fda02069000
RSI=0x00007fda02069000 is a thread
RDI=0x0002000000000000 is an unknown value
R8 =0x0000000000000000 is an unknown value
R9 =0x00007fda0285c860 is an unknown value
R10=0x000000000e21d691 is an unknown value
R11=0x00007fda02800000 is an unknown value
R12=0x00007fda02069000 is a thread
R13=0x0002000000000000 is an unknown value
R14=0x0002000000000000 is an unknown value
R15=0x00007fda00501d40 is an unknown value


Stack: [0x0000700000ec4000,0x0000700000fc4000],  sp=0x0000700000fc39d0,  free space=1022k
Native frames: (J=compiled Java code, j=interpreted, Vv=VM code, C=native code)
V  [libjvm.dylib+0x432d10]  Method::checked_resolve_jmethod_id(_jmethodID*)+0xe
V  [libjvm.dylib+0x3430d6]  jvmti_IsMethodSynthetic+0xb2
C  [libjdwp.dylib+0x20780]  isMethodSynthetic+0x63
C  [libjdwp.dylib+0x51f3]  methods1+0x10b
C  [libjdwp.dylib+0x52ec]  methodsWithGeneric+0xe
C  [libjdwp.dylib+0xe898]  debugLoop_run+0x1ce
C  [libjdwp.dylib+0x1f6ba]  attachThread+0x4d
V  [libjvm.dylib+0x38401c]  JvmtiAgentThread::call_start_function()+0x38
V  [libjvm.dylib+0x549acf]  JavaThread::thread_main_inner()+0x9b
V  [libjvm.dylib+0x54b1c0]  JavaThread::run()+0x1c2
V  [libjvm.dylib+0x46ea7e]  java_start(Thread*)+0xf6
C  [libsystem_pthread.dylib+0x399d]  _pthread_body+0x83
C  [libsystem_pthread.dylib+0x391a]  _pthread_body+0x0
C  [libsystem_pthread.dylib+0x1351]  thread_start+0xd
C  0x0000000000000000


---------------  P R O C E S S  ---------------

Java Threads: ( => current thread )
  0x00007fda021a7000 JavaThread "Thread-1" daemon [_thread_blocked, id=23555, stack(0x00007000017df000,0x00007000018df000)]
  0x00007fda00839000 JavaThread "Service Thread" daemon [_thread_blocked, id=22531, stack(0x00007000015d9000,0x00007000016d9000)]
  0x00007fda0300d000 JavaThread "C1 CompilerThread3" daemon [_thread_blocked, id=22019, stack(0x00007000014d6000,0x00007000015d6000)]
  0x00007fda0300e000 JavaThread "C2 CompilerThread2" daemon [_thread_blocked, id=21507, stack(0x00007000013d3000,0x00007000014d3000)]
  0x00007fda00816000 JavaThread "C2 CompilerThread1" daemon [_thread_blocked, id=20995, stack(0x00007000012d0000,0x00007000013d0000)]
  0x00007fda00815800 JavaThread "C2 CompilerThread0" daemon [_thread_blocked, id=20483, stack(0x00007000011cd000,0x00007000012cd000)]
  0x00007fda00814800 JavaThread "JDWP Command Reader" daemon [_thread_in_native, id=19971, stack(0x00007000010ca000,0x00007000011ca000)]
  0x00007fda02068000 JavaThread "JDWP Event Helper Thread" daemon [_thread_blocked, id=19459, stack(0x0000700000fc7000,0x00007000010c7000)]
=>0x00007fda02069000 JavaThread "JDWP Transport Listener: dt_socket" daemon [_thread_in_vm, id=18947, stack(0x0000700000ec4000,0x0000700000fc4000)]
  0x00007fda02067000 JavaThread "Signal Dispatcher" daemon [_thread_blocked, id=15887, stack(0x0000700000dc1000,0x0000700000ec1000)]
  0x00007fda03003000 JavaThread "Finalizer" daemon [_thread_blocked, id=14339, stack(0x0000700000c3b000,0x0000700000d3b000)]
  0x00007fda03002800 JavaThread "Reference Handler" daemon [_thread_blocked, id=13827, stack(0x0000700000b38000,0x0000700000c38000)]
  0x00007fda03801800 JavaThread "main" [_thread_blocked, id=5891, stack(0x000070000011a000,0x000070000021a000)]

Other Threads:
  0x00007fda02037000 VMThread [stack: 0x0000700000a35000,0x0000700000b35000] [id=13315]
  0x00007fda00839800 WatcherThread [stack: 0x00007000016dc000,0x00007000017dc000] [id=23043]

VM state:not at safepoint (normal execution)

VM Mutex/Monitor currently owned by a thread: None

Heap:
 PSYoungGen      total 76288K, used 24992K [0x000000076ab00000, 0x0000000770000000, 0x00000007c0000000)
  eden space 65536K, 38% used [0x000000076ab00000,0x000000076c368398,0x000000076eb00000)
  from space 10752K, 0% used [0x000000076f580000,0x000000076f580000,0x0000000770000000)
  to   space 10752K, 0% used [0x000000076eb00000,0x000000076eb00000,0x000000076f580000)
 ParOldGen       total 175104K, used 0K [0x00000006c0000000, 0x00000006cab00000, 0x000000076ab00000)
  object space 175104K, 0% used [0x00000006c0000000,0x00000006c0000000,0x00000006cab00000)
 Metaspace       used 8389K, capacity 8552K, committed 8832K, reserved 1056768K
  class space    used 989K, capacity 1054K, committed 1152K, reserved 1048576K

Card table byte_map: [0x000000011d329000,0x000000011db2a000] byte_map_base: 0x0000000119d29000

Marking Bits: (ParMarkBitMap*) 0x000000010d8c27a0
 Begin Bits: [0x000000011e080000, 0x0000000122080000)
 End Bits:   [0x0000000122080000, 0x0000000126080000)

Polling page: 0x000000010bf19000

CodeCache: size=245760Kb used=3203Kb max_used=3203Kb free=242556Kb
 bounds [0x000000010df69000, 0x000000010e299000, 0x000000011cf69000]
 total_blobs=1036 nmethods=737 adapters=221
 compilation: enabled

Compilation events (10 events):
Event: 1921.758 Thread 0x00007fda0300d000  733       3       java.util.concurrent.TimeUnit::x (27 bytes)
Event: 1921.758 Thread 0x00007fda0300d000 nmethod 733 0x000000010e28a2d0 code [0x000000010e28a440, 0x000000010e28a630]
Event: 1921.758 Thread 0x00007fda0300d000  734       3       org.apache.http.pool.AbstractConnPool$3::<init> (15 bytes)
Event: 1921.759 Thread 0x00007fda0300d000 nmethod 734 0x000000010e28a6d0 code [0x000000010e28a840, 0x000000010e28aa10]
Event: 5623.153 Thread 0x00007fda0300d000  735       1       java.io.StringWriter::getBuffer (5 bytes)
Event: 5623.153 Thread 0x00007fda0300d000 nmethod 735 0x000000010e28aad0 code [0x000000010e28ac20, 0x000000010e28ad30]
Event: 5629.497 Thread 0x00007fda0300d000  736       3       java.lang.Integer::stringSize (21 bytes)
Event: 5629.497 Thread 0x00007fda0300d000 nmethod 736 0x000000010e28ad90 code [0x000000010e28af00, 0x000000010e28b110]
Event: 5629.497 Thread 0x00007fda0300d000  737       3       java.lang.Integer::getChars (131 bytes)
Event: 5629.498 Thread 0x00007fda0300d000 nmethod 737 0x000000010e28b250 code [0x000000010e28b400, 0x000000010e28b890]

GC Heap History (0 events):
No events

Deoptimization events (10 events):
Event: 0.272 Thread 0x00007fda03801800 Uncommon trap: reason=unstable_if action=reinterpret pc=0x000000010e0c714c method=java.lang.String.startsWith(Ljava/lang/String;I)Z @ 25
Event: 0.383 Thread 0x00007fda03801800 Uncommon trap: reason=unstable_if action=reinterpret pc=0x000000010e164074 method=java.lang.String.indexOf([CII[CIII)I @ 134
Event: 0.398 Thread 0x00007fda03801800 Uncommon trap: reason=unstable_if action=reinterpret pc=0x000000010e186108 method=java.util.ArrayList$Itr.hasNext()Z @ 11
Event: 0.448 Thread 0x00007fda03801800 Uncommon trap: reason=class_check action=maybe_recompile pc=0x000000010e19db78 method=java.util.concurrent.ConcurrentHashMap.putVal(Ljava/lang/Object;Ljava/lang/Object;Z)Ljava/lang/Object; @ 17
Event: 0.448 Thread 0x00007fda03801800 Uncommon trap: reason=class_check action=maybe_recompile pc=0x000000010e19db78 method=java.util.concurrent.ConcurrentHashMap.putVal(Ljava/lang/Object;Ljava/lang/Object;Z)Ljava/lang/Object; @ 17
Event: 0.449 Thread 0x00007fda03801800 Uncommon trap: reason=class_check action=maybe_recompile pc=0x000000010e19db78 method=java.util.concurrent.ConcurrentHashMap.putVal(Ljava/lang/Object;Ljava/lang/Object;Z)Ljava/lang/Object; @ 17
Event: 0.451 Thread 0x00007fda03801800 Uncommon trap: reason=class_check action=maybe_recompile pc=0x000000010e19db78 method=java.util.concurrent.ConcurrentHashMap.putVal(Ljava/lang/Object;Ljava/lang/Object;Z)Ljava/lang/Object; @ 17
Event: 0.526 Thread 0x00007fda03801800 Uncommon trap: reason=class_check action=maybe_recompile pc=0x000000010e188ef8 method=java.util.Collections$UnmodifiableCollection$1.next()Ljava/lang/Object; @ 4
Event: 0.618 Thread 0x00007fda03801800 Uncommon trap: reason=unstable_if action=reinterpret pc=0x000000010e0f9ad0 method=java.lang.CharacterDataLatin1.digit(II)I @ 82
Event: 0.635 Thread 0x00007fda03801800 Uncommon trap: reason=unstable_if action=reinterpret pc=0x000000010e1c6a14 method=java.util.concurrent.ConcurrentHashMap.putVal(Ljava/lang/Object;Ljava/lang/Object;Z)Ljava/lang/Object; @ 181

Internal exceptions (7 events):
Event: 0.049 Thread 0x00007fda03801800 Exception <a 'java/lang/NoSuchMethodError': Method sun.misc.Unsafe.defineClass(Ljava/lang/String;[BII)Ljava/lang/Class; name or signature does not match> (0x000000076ab12c10) thrown at [/Users/java_re/workspace/8-2-build-macosx-x86_64/jdk8u45/3457/hotspot
Event: 0.049 Thread 0x00007fda03801800 Exception <a 'java/lang/NoSuchMethodError': Method sun.misc.Unsafe.prefetchRead(Ljava/lang/Object;J)V name or signature does not match> (0x000000076ab12ea0) thrown at [/Users/java_re/workspace/8-2-build-macosx-x86_64/jdk8u45/3457/hotspot/src/share/vm/prim
Event: 0.203 Thread 0x00007fda03801800 Exception <a 'java/security/PrivilegedActionException'> (0x000000076b1562b8) thrown at [/Users/java_re/workspace/8-2-build-macosx-x86_64/jdk8u45/3457/hotspot/src/share/vm/prims/jvm.cpp, line 1382]
Event: 0.203 Thread 0x00007fda03801800 Exception <a 'java/security/PrivilegedActionException'> (0x000000076b156600) thrown at [/Users/java_re/workspace/8-2-build-macosx-x86_64/jdk8u45/3457/hotspot/src/share/vm/prims/jvm.cpp, line 1382]
Event: 0.204 Thread 0x00007fda03801800 Exception <a 'java/security/PrivilegedActionException'> (0x000000076b159980) thrown at [/Users/java_re/workspace/8-2-build-macosx-x86_64/jdk8u45/3457/hotspot/src/share/vm/prims/jvm.cpp, line 1382]
Event: 0.204 Thread 0x00007fda03801800 Exception <a 'java/security/PrivilegedActionException'> (0x000000076b159cc8) thrown at [/Users/java_re/workspace/8-2-build-macosx-x86_64/jdk8u45/3457/hotspot/src/share/vm/prims/jvm.cpp, line 1382]
Event: 0.211 Thread 0x00007fda03801800 Exception <a 'java/lang/NoClassDefFoundError': org/apache/log4j/Priority> (0x000000076b191d70) thrown at [/Users/java_re/workspace/8-2-build-macosx-x86_64/jdk8u45/3457/hotspot/src/share/vm/classfile/systemDictionary.cpp, line 199]

Events (10 events):
Event: 5772.603 Executing VM operation: GetCurrentLocation
Event: 5772.603 Executing VM operation: GetCurrentLocation done
Event: 5772.603 Executing VM operation: EnterInterpOnlyMode
Event: 5772.603 Executing VM operation: EnterInterpOnlyMode done
Event: 5772.603 Executing VM operation: ChangeSingleStep
Event: 5772.603 Executing VM operation: ChangeSingleStep done
Event: 5772.603 Executing VM operation: ChangeSingleStep
Event: 5772.604 Executing VM operation: ChangeSingleStep done
Event: 5772.606 Executing VM operation: RedefineClasses
Event: 5772.611 Executing VM operation: RedefineClasses done


Dynamic libraries:
0x000000000408d000 	/System/Library/Frameworks/Cocoa.framework/Versions/A/Cocoa
0x000000000408d000 	/System/Library/Frameworks/Security.framework/Versions/A/Security
0x000000000408d000 	/System/Library/Frameworks/ApplicationServices.framework/Versions/A/ApplicationServices
0x000000000408d000 	/usr/lib/libz.1.dylib
0x000000000408d000 	/usr/lib/libSystem.B.dylib
0x000000000408d000 	/usr/lib/libobjc.A.dylib
0x000000000408d000 	/System/Library/Frameworks/CoreFoundation.framework/Versions/A/CoreFoundation
0x000000000408d000 	/System/Library/Frameworks/Foundation.framework/Versions/C/Foundation
0x000000000408d000 	/System/Library/Frameworks/AppKit.framework/Versions/C/AppKit
0x000000000408d000 	/System/Library/Frameworks/CoreData.framework/Versions/A/CoreData
0x000000000408d000 	/System/Library/PrivateFrameworks/RemoteViewServices.framework/Versions/A/RemoteViewServices
0x000000000408d000 	/System/Library/PrivateFrameworks/UIFoundation.framework/Versions/A/UIFoundation
0x000000000408d000 	/usr/lib/libScreenReader.dylib
0x000000000408d000 	/System/Library/Frameworks/Accelerate.framework/Versions/A/Accelerate
0x000000000408d000 	/System/Library/Frameworks/IOSurface.framework/Versions/A/IOSurface
0x000000000408d000 	/System/Library/Frameworks/AudioToolbox.framework/Versions/A/AudioToolbox
0x000000000408d000 	/System/Library/Frameworks/AudioUnit.framework/Versions/A/AudioUnit
0x000000000408d000 	/System/Library/PrivateFrameworks/DataDetectorsCore.framework/Versions/A/DataDetectorsCore
0x000000000408d000 	/System/Library/PrivateFrameworks/DesktopServicesPriv.framework/Versions/A/DesktopServicesPriv
0x000000000408d000 	/System/Library/Frameworks/Carbon.framework/Versions/A/Frameworks/HIToolbox.framework/Versions/A/HIToolbox
0x000000000408d000 	/System/Library/Frameworks/QuartzCore.framework/Versions/A/QuartzCore
0x000000000408d000 	/System/Library/Frameworks/Carbon.framework/Versions/A/Frameworks/SpeechRecognition.framework/Versions/A/SpeechRecognition
0x000000000408d000 	/usr/lib/libauto.dylib
0x000000000408d000 	/usr/lib/libicucore.A.dylib
0x000000000408d000 	/usr/lib/libxml2.2.dylib
0x000000000408d000 	/System/Library/PrivateFrameworks/CoreUI.framework/Versions/A/CoreUI
0x000000000408d000 	/System/Library/Frameworks/CoreAudio.framework/Versions/A/CoreAudio
0x000000000408d000 	/System/Library/Frameworks/DiskArbitration.framework/Versions/A/DiskArbitration
0x000000000408d000 	/usr/lib/liblangid.dylib
0x000000000408d000 	/System/Library/PrivateFrameworks/MultitouchSupport.framework/Versions/A/MultitouchSupport
0x000000000408d000 	/System/Library/Frameworks/IOKit.framework/Versions/A/IOKit
0x000000000408d000 	/usr/lib/libDiagnosticMessagesClient.dylib
0x000000000408d000 	/System/Library/Frameworks/CoreServices.framework/Versions/A/CoreServices
0x000000000408d000 	/System/Library/PrivateFrameworks/PerformanceAnalysis.framework/Versions/A/PerformanceAnalysis
0x000000000408d000 	/System/Library/PrivateFrameworks/GenerationalStorage.framework/Versions/A/GenerationalStorage
0x000000000408d000 	/System/Library/Frameworks/OpenGL.framework/Versions/A/OpenGL
0x000000000408d000 	/System/Library/PrivateFrameworks/Sharing.framework/Versions/A/Sharing
0x000000000408d000 	/System/Library/Frameworks/CoreGraphics.framework/Versions/A/CoreGraphics
0x000000000408d000 	/System/Library/Frameworks/CoreImage.framework/Versions/A/CoreImage
0x000000000408d000 	/System/Library/Frameworks/CoreText.framework/Versions/A/CoreText
0x000000000408d000 	/System/Library/Frameworks/ImageIO.framework/Versions/A/ImageIO
0x000000000408d000 	/System/Library/PrivateFrameworks/Backup.framework/Versions/A/Backup
0x000000000408d000 	/usr/lib/libextension.dylib
0x000000000408d000 	/usr/lib/libarchive.2.dylib
0x000000000408d000 	/System/Library/Frameworks/CFNetwork.framework/Versions/A/CFNetwork
0x000000000408d000 	/System/Library/Frameworks/SystemConfiguration.framework/Versions/A/SystemConfiguration
0x000000000408d000 	/usr/lib/libCRFSuite.dylib
0x000000000408d000 	/usr/lib/libc++.1.dylib
0x000000000408d000 	/usr/lib/libc++abi.dylib
0x000000000408d000 	/usr/lib/system/libcache.dylib
0x000000000408d000 	/usr/lib/system/libcommonCrypto.dylib
0x000000000408d000 	/usr/lib/system/libcompiler_rt.dylib
0x000000000408d000 	/usr/lib/system/libcopyfile.dylib
0x000000000408d000 	/usr/lib/system/libcorecrypto.dylib
0x000000000408d000 	/usr/lib/system/libdispatch.dylib
0x000000000408d000 	/usr/lib/system/libdyld.dylib
0x000000000408d000 	/usr/lib/system/libkeymgr.dylib
0x000000000408d000 	/usr/lib/system/liblaunch.dylib
0x000000000408d000 	/usr/lib/system/libmacho.dylib
0x000000000408d000 	/usr/lib/system/libquarantine.dylib
0x000000000408d000 	/usr/lib/system/libremovefile.dylib
0x000000000408d000 	/usr/lib/system/libsystem_asl.dylib
0x000000000408d000 	/usr/lib/system/libsystem_blocks.dylib
0x000000000408d000 	/usr/lib/system/libsystem_c.dylib
0x000000000408d000 	/usr/lib/system/libsystem_configuration.dylib
0x000000000408d000 	/usr/lib/system/libsystem_coreservices.dylib
0x000000000408d000 	/usr/lib/system/libsystem_coretls.dylib
0x000000000408d000 	/usr/lib/system/libsystem_dnssd.dylib
0x000000000408d000 	/usr/lib/system/libsystem_info.dylib
0x000000000408d000 	/usr/lib/system/libsystem_kernel.dylib
0x000000000408d000 	/usr/lib/system/libsystem_m.dylib
0x000000000408d000 	/usr/lib/system/libsystem_malloc.dylib
0x000000000408d000 	/usr/lib/system/libsystem_network.dylib
0x000000000408d000 	/usr/lib/system/libsystem_networkextension.dylib
0x000000000408d000 	/usr/lib/system/libsystem_notify.dylib
0x000000000408d000 	/usr/lib/system/libsystem_platform.dylib
0x000000000408d000 	/usr/lib/system/libsystem_pthread.dylib
0x000000000408d000 	/usr/lib/system/libsystem_sandbox.dylib
0x000000000408d000 	/usr/lib/system/libsystem_secinit.dylib
0x000000000408d000 	/usr/lib/system/libsystem_trace.dylib
0x000000000408d000 	/usr/lib/system/libunc.dylib
0x000000000408d000 	/usr/lib/system/libunwind.dylib
0x000000000408d000 	/usr/lib/system/libxpc.dylib
0x000000000408d000 	/usr/lib/libenergytrace.dylib
0x000000000408d000 	/usr/lib/libbsm.0.dylib
0x000000000408d000 	/usr/lib/system/libkxld.dylib
0x000000000408d000 	/usr/lib/libxar.1.dylib
0x000000000408d000 	/usr/lib/libsqlite3.dylib
0x000000000408d000 	/usr/lib/libpam.2.dylib
0x000000000408d000 	/usr/lib/libOpenScriptingUtil.dylib
0x000000000408d000 	/usr/lib/libbz2.1.0.dylib
0x000000000408d000 	/usr/lib/liblzma.5.dylib
0x000000000408d000 	/System/Library/Frameworks/CoreServices.framework/Versions/A/Frameworks/FSEvents.framework/Versions/A/FSEvents
0x000000000408d000 	/System/Library/Frameworks/CoreServices.framework/Versions/A/Frameworks/CarbonCore.framework/Versions/A/CarbonCore
0x000000000408d000 	/System/Library/Frameworks/CoreServices.framework/Versions/A/Frameworks/Metadata.framework/Versions/A/Metadata
0x000000000408d000 	/System/Library/Frameworks/CoreServices.framework/Versions/A/Frameworks/OSServices.framework/Versions/A/OSServices
0x000000000408d000 	/System/Library/Frameworks/CoreServices.framework/Versions/A/Frameworks/SearchKit.framework/Versions/A/SearchKit
0x000000000408d000 	/System/Library/Frameworks/CoreServices.framework/Versions/A/Frameworks/AE.framework/Versions/A/AE
0x000000000408d000 	/System/Library/Frameworks/CoreServices.framework/Versions/A/Frameworks/LaunchServices.framework/Versions/A/LaunchServices
0x000000000408d000 	/System/Library/Frameworks/CoreServices.framework/Versions/A/Frameworks/DictionaryServices.framework/Versions/A/DictionaryServices
0x000000000408d000 	/System/Library/Frameworks/CoreServices.framework/Versions/A/Frameworks/SharedFileList.framework/Versions/A/SharedFileList
0x000000000408d000 	/System/Library/Frameworks/NetFS.framework/Versions/A/NetFS
0x000000000408d000 	/System/Library/PrivateFrameworks/NetAuth.framework/Versions/A/NetAuth
0x000000000408d000 	/System/Library/PrivateFrameworks/login.framework/Versions/A/Frameworks/loginsupport.framework/Versions/A/loginsupport
0x000000000408d000 	/System/Library/PrivateFrameworks/TCC.framework/Versions/A/TCC
0x000000000408d000 	/usr/lib/libmecabra.dylib
0x000000000408d000 	/System/Library/Frameworks/ApplicationServices.framework/Versions/A/Frameworks/ATS.framework/Versions/A/ATS
0x000000000408d000 	/System/Library/Frameworks/ApplicationServices.framework/Versions/A/Frameworks/ColorSync.framework/Versions/A/ColorSync
0x000000000408d000 	/System/Library/Frameworks/ApplicationServices.framework/Versions/A/Frameworks/HIServices.framework/Versions/A/HIServices
0x000000000408d000 	/System/Library/Frameworks/ApplicationServices.framework/Versions/A/Frameworks/LangAnalysis.framework/Versions/A/LangAnalysis
0x000000000408d000 	/System/Library/Frameworks/ApplicationServices.framework/Versions/A/Frameworks/PrintCore.framework/Versions/A/PrintCore
0x000000000408d000 	/System/Library/Frameworks/ApplicationServices.framework/Versions/A/Frameworks/QD.framework/Versions/A/QD
0x000000000408d000 	/System/Library/Frameworks/ApplicationServices.framework/Versions/A/Frameworks/SpeechSynthesis.framework/Versions/A/SpeechSynthesis
0x000000000408d000 	/System/Library/Frameworks/Metal.framework/Versions/A/Metal
0x000000000408d000 	/System/Library/Frameworks/Accelerate.framework/Versions/A/Frameworks/vImage.framework/Versions/A/vImage
0x000000000408d000 	/System/Library/Frameworks/Accelerate.framework/Versions/A/Frameworks/vecLib.framework/Versions/A/vecLib
0x000000000408d000 	/System/Library/Frameworks/Accelerate.framework/Versions/A/Frameworks/vecLib.framework/Versions/A/libvDSP.dylib
0x000000000408d000 	/System/Library/Frameworks/Accelerate.framework/Versions/A/Frameworks/vecLib.framework/Versions/A/libvMisc.dylib
0x000000000408d000 	/System/Library/Frameworks/Accelerate.framework/Versions/A/Frameworks/vecLib.framework/Versions/A/libLAPACK.dylib
0x000000000408d000 	/System/Library/Frameworks/Accelerate.framework/Versions/A/Frameworks/vecLib.framework/Versions/A/libBLAS.dylib
0x000000000408d000 	/System/Library/Frameworks/Accelerate.framework/Versions/A/Frameworks/vecLib.framework/Versions/A/libLinearAlgebra.dylib
0x000000000408d000 	/System/Library/Frameworks/Accelerate.framework/Versions/A/Frameworks/vecLib.framework/Versions/A/libSparseBLAS.dylib
0x000000000408d000 	/System/Library/PrivateFrameworks/GPUCompiler.framework/libmetal_timestamp.dylib
0x000000000408d000 	/System/Library/Frameworks/OpenGL.framework/Versions/A/Libraries/libCoreFSCache.dylib
0x000000000408d000 	/System/Library/PrivateFrameworks/IOAccelerator.framework/Versions/A/IOAccelerator
0x000000000408d000 	/System/Library/Frameworks/ApplicationServices.framework/Versions/A/Frameworks/ATS.framework/Versions/A/Resources/libFontParser.dylib
0x000000000408d000 	/System/Library/Frameworks/ApplicationServices.framework/Versions/A/Frameworks/ATS.framework/Versions/A/Resources/libFontRegistry.dylib
0x000000000408d000 	/System/Library/PrivateFrameworks/AppleVPA.framework/Versions/A/AppleVPA
0x000000000408d000 	/System/Library/PrivateFrameworks/AppleJPEG.framework/Versions/A/AppleJPEG
0x000000000408d000 	/System/Library/Frameworks/ImageIO.framework/Versions/A/Resources/libJPEG.dylib
0x000000000408d000 	/System/Library/Frameworks/ImageIO.framework/Versions/A/Resources/libTIFF.dylib
0x000000000408d000 	/System/Library/Frameworks/ImageIO.framework/Versions/A/Resources/libPng.dylib
0x000000000408d000 	/System/Library/Frameworks/ImageIO.framework/Versions/A/Resources/libGIF.dylib
0x000000000408d000 	/System/Library/Frameworks/ImageIO.framework/Versions/A/Resources/libJP2.dylib
0x000000000408d000 	/System/Library/Frameworks/ImageIO.framework/Versions/A/Resources/libRadiance.dylib
0x000000000408d000 	/System/Library/Frameworks/CoreVideo.framework/Versions/A/CoreVideo
0x000000000408d000 	/System/Library/Frameworks/OpenGL.framework/Versions/A/Libraries/libGLU.dylib
0x000000000408d000 	/System/Library/Frameworks/OpenGL.framework/Versions/A/Libraries/libGFXShared.dylib
0x000000000408d000 	/System/Library/Frameworks/OpenGL.framework/Versions/A/Libraries/libGL.dylib
0x000000000408d000 	/System/Library/Frameworks/OpenGL.framework/Versions/A/Libraries/libGLImage.dylib
0x000000000408d000 	/System/Library/Frameworks/OpenGL.framework/Versions/A/Libraries/libCVMSPluginSupport.dylib
0x000000000408d000 	/System/Library/Frameworks/OpenGL.framework/Versions/A/Libraries/libCoreVMClient.dylib
0x000000000408d000 	/usr/lib/libcompression.dylib
0x000000000408d000 	/usr/lib/libcups.2.dylib
0x000000000408d000 	/System/Library/Frameworks/Kerberos.framework/Versions/A/Kerberos
0x000000000408d000 	/System/Library/Frameworks/GSS.framework/Versions/A/GSS
0x000000000408d000 	/usr/lib/libresolv.9.dylib
0x000000000408d000 	/usr/lib/libiconv.2.dylib
0x000000000408d000 	/System/Library/PrivateFrameworks/Heimdal.framework/Versions/A/Heimdal
0x000000000408d000 	/usr/lib/libheimdal-asn1.dylib
0x000000000408d000 	/System/Library/Frameworks/OpenDirectory.framework/Versions/A/OpenDirectory
0x000000000408d000 	/System/Library/PrivateFrameworks/CommonAuth.framework/Versions/A/CommonAuth
0x000000000408d000 	/System/Library/Frameworks/OpenDirectory.framework/Versions/A/Frameworks/CFOpenDirectory.framework/Versions/A/CFOpenDirectory
0x000000000408d000 	/System/Library/Frameworks/SecurityFoundation.framework/Versions/A/SecurityFoundation
0x000000000408d000 	/System/Library/PrivateFrameworks/LanguageModeling.framework/Versions/A/LanguageModeling
0x000000000408d000 	/usr/lib/libmarisa.dylib
0x000000000408d000 	/usr/lib/libChineseTokenizer.dylib
0x000000000408d000 	/usr/lib/libcmph.dylib
0x000000000408d000 	/System/Library/Frameworks/ServiceManagement.framework/Versions/A/ServiceManagement
0x000000000408d000 	/usr/lib/libxslt.1.dylib
0x000000000408d000 	/System/Library/Frameworks/Carbon.framework/Versions/A/Frameworks/Ink.framework/Versions/A/Ink
0x000000000408d000 	/usr/lib/libFosl_dynamic.dylib
0x000000000408d000 	/System/Library/PrivateFrameworks/FaceCore.framework/Versions/A/FaceCore
0x000000000408d000 	/System/Library/Frameworks/OpenCL.framework/Versions/A/OpenCL
0x000000000408d000 	/System/Library/PrivateFrameworks/CrashReporterSupport.framework/Versions/A/CrashReporterSupport
0x000000000408d000 	/System/Library/PrivateFrameworks/IconServices.framework/Versions/A/IconServices
0x000000000408d000 	/System/Library/PrivateFrameworks/Apple80211.framework/Versions/A/Apple80211
0x000000000408d000 	/System/Library/Frameworks/CoreWLAN.framework/Versions/A/CoreWLAN
0x000000000408d000 	/System/Library/Frameworks/IOBluetooth.framework/Versions/A/IOBluetooth
0x000000000408d000 	/System/Library/PrivateFrameworks/CoreWiFi.framework/Versions/A/CoreWiFi
0x000000000408d000 	/System/Library/Frameworks/CoreBluetooth.framework/Versions/A/CoreBluetooth
0x000000000408d000 	/System/Library/PrivateFrameworks/ChunkingLibrary.framework/Versions/A/ChunkingLibrary
0x000000000408d000 	/System/Library/PrivateFrameworks/DebugSymbols.framework/Versions/A/DebugSymbols
0x000000000408d000 	/System/Library/PrivateFrameworks/CoreSymbolication.framework/Versions/A/CoreSymbolication
0x000000000408d000 	/System/Library/PrivateFrameworks/Symbolication.framework/Versions/A/Symbolication
0x000000000408d000 	/System/Library/PrivateFrameworks/SpeechRecognitionCore.framework/Versions/A/SpeechRecognitionCore
0x000000010d000000 	/Library/Java/JavaVirtualMachines/jdk1.8.0_45.jdk/Contents/Home/jre/lib/server/libjvm.dylib
0x000000000408d000 	/usr/lib/libstdc++.6.dylib
0x000000010bed6000 	/Library/Java/JavaVirtualMachines/jdk1.8.0_45.jdk/Contents/Home/jre/lib/libverify.dylib
0x000000010bee4000 	/Library/Java/JavaVirtualMachines/jdk1.8.0_45.jdk/Contents/Home/jre/lib/libjava.dylib
0x000000010bf1a000 	/Library/Java/JavaVirtualMachines/jdk1.8.0_45.jdk/Contents/Home/jre/lib/libjdwp.dylib
0x000000010bf65000 	/Library/Java/JavaVirtualMachines/jdk1.8.0_45.jdk/Contents/Home/jre/lib/libnpt.dylib
0x000000010bf72000 	/Library/Java/JavaVirtualMachines/jdk1.8.0_45.jdk/Contents/Home/jre/lib/libzip.dylib
0x0000000128fa6000 	/System/Library/Frameworks/JavaVM.framework/Frameworks/JavaRuntimeSupport.framework/JavaRuntimeSupport
0x0000000128fc1000 	/System/Library/Frameworks/JavaVM.framework/Versions/A/Frameworks/JavaNativeFoundation.framework/Versions/A/JavaNativeFoundation
0x0000000128fd6000 	/System/Library/Frameworks/JavaVM.framework/Versions/A/JavaVM
0x000000000408d000 	/System/Library/Frameworks/Carbon.framework/Versions/A/Carbon
0x000000010bff4000 	/System/Library/PrivateFrameworks/JavaLaunching.framework/Versions/A/JavaLaunching
0x000000000408d000 	/System/Library/Frameworks/Carbon.framework/Versions/A/Frameworks/CommonPanels.framework/Versions/A/CommonPanels
0x000000000408d000 	/System/Library/Frameworks/Carbon.framework/Versions/A/Frameworks/Help.framework/Versions/A/Help
0x000000000408d000 	/System/Library/Frameworks/Carbon.framework/Versions/A/Frameworks/ImageCapture.framework/Versions/A/ImageCapture
0x000000000408d000 	/System/Library/Frameworks/Carbon.framework/Versions/A/Frameworks/OpenScripting.framework/Versions/A/OpenScripting
0x000000000408d000 	/System/Library/Frameworks/Carbon.framework/Versions/A/Frameworks/Print.framework/Versions/A/Print
0x000000000408d000 	/System/Library/Frameworks/Carbon.framework/Versions/A/Frameworks/SecurityHI.framework/Versions/A/SecurityHI
0x0000000128fe5000 	/Library/Java/JavaVirtualMachines/jdk1.8.0_45.jdk/Contents/Home/jre/lib/libdt_socket.dylib
0x000000012a945000 	/Library/Java/JavaVirtualMachines/jdk1.8.0_45.jdk/Contents/Home/jre/lib/libsunec.dylib
0x000000012ab20000 	/Library/Java/JavaVirtualMachines/jdk1.8.0_45.jdk/Contents/Home/jre/lib/libnet.dylib
0x000000012ab7f000 	/Library/Java/JavaVirtualMachines/jdk1.8.0_45.jdk/Contents/Home/jre/lib/libnio.dylib

VM Arguments:
jvm_args: -agentlib:jdwp=transport=dt_socket,suspend=y,address=localhost:59330 -Dfile.encoding=UTF-8 
java_command: org.devside.ee.dcjb.service.discovery.consul.ConsulHandler
java_class_path (initial): /Volumes/RernasExFat/dev/ee_workspace/dcjb/bin:/Users/rernas/.gradle/caches/modules-2/files-2.1/org.slf4j/slf4j-api/1.7.21/139535a69a4239db087de9bab0bee568bf8e0b70/slf4j-api-1.7.21.jar:/Users/rernas/.gradle/caches/modules-2/files-2.1/com.mashape.unirest/unirest-java/1.4.9/778cffcba803dc7d43932266aef4c91f5b6b4dd0/unirest-java-1.4.9.jar:/Users/rernas/.gradle/caches/modules-2/files-2.1/junit/junit/4.12/2973d150c0dc1fefe998f834810d68f278ea58ec/junit-4.12.jar:/Users/rernas/.gradle/caches/modules-2/files-2.1/org.apache.httpcomponents/httpclient/4.5.2/733db77aa8d9b2d68015189df76ab06304406e50/httpclient-4.5.2.jar:/Users/rernas/.gradle/caches/modules-2/files-2.1/org.apache.httpcomponents/httpasyncclient/4.1.1/dd624f5a0ff43eb5cdf828d9739d3177ee00a5a9/httpasyncclient-4.1.1.jar:/Users/rernas/.gradle/caches/modules-2/files-2.1/org.apache.httpcomponents/httpmime/4.5.2/22b4c53dd9b6761024258de8f9240c3dce6ea368/httpmime-4.5.2.jar:/Users/rernas/.gradle/caches/modules-2/files-2.1/org.json/json/20160212/a742e3f85161835b95877478c5dd5b405cefaab9/json-20160212.jar:/Users/rernas/.gradle/caches/modules-2/files-2.1/org.hamcrest/hamcrest-core/1.3/42a25dc3219429f0e5d060061f71acb49bf010a0/hamcrest-core-1.3.jar:/Users/rernas/.gradle/caches/modules-2/files-2.1/org.apache.httpcomponents/httpcore/4.4.4/b31526a230871fbe285fbcbe2813f9c0839ae9b0/httpcore-4.4.4.jar:/Users/rernas/.gradle/caches/modules-2/files-2.1/commons-logging/commons-logging/1.2/4bfc12adfe4842bf07b657f0369c4cb522955686/commons-logging-1.2.jar:/Users/rernas/.gradle/caches/modules-2/files-2.1/commons-codec/commons-codec/1.9/9ce04e34240f674bc72680f8b843b1457383161a/commons-codec-1.9.jar:/Users/rernas/.gradle/caches/modules-2/files-2.1/org.apache.httpcomponents/httpcore-nio/4.4.4/16badfc2d99db264c486ba8c57ae577301a58bd9/httpcore-nio-4.4.4.jar
Launcher Type: SUN_STANDARD

Environment Variables:
PATH=/usr/bin:/bin:/usr/sbin:/sbin
SHELL=/bin/bash
DISPLAY=/private/tmp/com.apple.launchd.KvQHfPOqWo/org.macosforge.xquartz:0

Signal Handlers:
SIGSEGV: [libjvm.dylib+0x58ef95], sa_mask[0]=11111111011111110111111111111111, sa_flags=SA_ONSTACK|SA_RESTART|SA_SIGINFO
SIGBUS: [libjvm.dylib+0x58ef95], sa_mask[0]=11111111011111110111111111111111, sa_flags=SA_RESTART|SA_SIGINFO
SIGFPE: [libjvm.dylib+0x46c108], sa_mask[0]=11111111011111110111111111111111, sa_flags=SA_RESTART|SA_SIGINFO
SIGPIPE: [libjvm.dylib+0x46c108], sa_mask[0]=11111111011111110111111111111111, sa_flags=SA_RESTART|SA_SIGINFO
SIGXFSZ: [libjvm.dylib+0x46c108], sa_mask[0]=11111111011111110111111111111111, sa_flags=SA_RESTART|SA_SIGINFO
SIGILL: [libjvm.dylib+0x46c108], sa_mask[0]=11111111011111110111111111111111, sa_flags=SA_RESTART|SA_SIGINFO
SIGUSR1: SIG_DFL, sa_mask[0]=00000000000000000000000000000000, sa_flags=none
SIGUSR2: [libjvm.dylib+0x46bc26], sa_mask[0]=00100000000000000000000000000000, sa_flags=SA_RESTART|SA_SIGINFO
SIGHUP: [libjvm.dylib+0x46a1f9], sa_mask[0]=11111111011111110111111111111111, sa_flags=SA_RESTART|SA_SIGINFO
SIGINT: [libjvm.dylib+0x46a1f9], sa_mask[0]=11111111011111110111111111111111, sa_flags=SA_RESTART|SA_SIGINFO
SIGTERM: [libjvm.dylib+0x46a1f9], sa_mask[0]=11111111011111110111111111111111, sa_flags=SA_RESTART|SA_SIGINFO
SIGQUIT: [libjvm.dylib+0x46a1f9], sa_mask[0]=11111111011111110111111111111111, sa_flags=SA_RESTART|SA_SIGINFO


---------------  S Y S T E M  ---------------

OS:Bsduname:Darwin 15.5.0 Darwin Kernel Version 15.5.0: Tue Apr 19 18:36:36 PDT 2016; root:xnu-3248.50.21~8/RELEASE_X86_64 x86_64
rlimit: STACK 8192k, CORE 0k, NPROC 709, NOFILE 10240, AS infinity
load average:2.14 2.13 2.16

CPU:total 8 (4 cores per cpu, 2 threads per core) family 6 model 42 stepping 7, cmov, cx8, fxsr, mmx, sse, sse2, sse3, ssse3, sse4.1, sse4.2, popcnt, avx, aes, clmul, ht, tsc, tscinvbit

Memory: 4k page, physical 16777216k(276348k free)

/proc/meminfo:


vm_info: Java HotSpot(TM) 64-Bit Server VM (25.45-b02) for bsd-amd64 JRE (1.8.0_45-b14), built on Apr 10 2015 10:46:38 by "java_re" with gcc 4.2.1 (Based on Apple Inc. build 5658) (LLVM build 2336.11.00)

time: Sat Mar  4 14:51:56 2017
elapsed time: 5772 seconds (0d 1h 36m 12s)

